[0819/081033.504:ERROR:process_reader_win.cc(151)] SuspendThread: 拒绝访问。 (0x5)
[0819/081033.505:ERROR:process_reader_win.cc(123)] NtOpenThread: {无法访问} 过程已请求访问一对象，但未给访问权限。 (0xc0000022)
[0819/081033.505:ERROR:exception_snapshot_win.cc(98)] thread ID 9116 not found in process
[0819/081033.548:ERROR:process_reader_win.cc(123)] NtOpenThread: {无法访问} 过程已请求访问一对象，但未给访问权限。 (0xc0000022)
[0819/081033.548:ERROR:exception_snapshot_win.cc(98)] thread ID 7776 not found in process
[0819/081033.598:ERROR:process_reader_win.cc(123)] NtOpenThread: {无法访问} 过程已请求访问一对象，但未给访问权限。 (0xc0000022)
[0819/081033.598:ERROR:exception_snapshot_win.cc(98)] thread ID 1848 not found in process
[0819/081038.669:ERROR:process_reader_win.cc(123)] NtOpenThread: {无法访问} 过程已请求访问一对象，但未给访问权限。 (0xc0000022)
[0819/081038.671:ERROR:exception_snapshot_win.cc(98)] thread ID 11184 not found in process
[0819/081038.671:ERROR:scoped_process_suspend.cc(40)] NtResumeProcess: 已尝试访问正在退出的过程。 (0xc000010a)
[0819/081038.702:ERROR:process_reader_win.cc(123)] NtOpenThread: {无法访问} 过程已请求访问一对象，但未给访问权限。 (0xc0000022)
[0819/081038.702:ERROR:exception_snapshot_win.cc(98)] thread ID 14612 not found in process
[0820/082417.587:ERROR:process_reader_win.cc(123)] NtOpenThread: {无法访问} 过程已请求访问一对象，但未给访问权限。 (0xc0000022)
[0820/082417.588:ERROR:exception_snapshot_win.cc(98)] thread ID 17308 not found in process
[0820/082417.625:ERROR:process_info.cc(329)] VirtualQueryEx: 拒绝访问。 (0x5)
[0820/082417.626:ERROR:process_info.cc(556)] ReadMemoryInfo failed
[0820/082417.626:ERROR:process_memory_win.cc(39)] Failed to initialize ProcessInfo.
[0820/082417.626:ERROR:scoped_process_suspend.cc(40)] NtResumeProcess: 已尝试访问正在退出的过程。 (0xc000010a)
[1028/072528.209:ERROR:directory_reader_win.cc(43)] FindFirstFile: 系统找不到指定的路径。 (0x3)
[1028/081419.528:ERROR:directory_reader_win.cc(43)] FindFirstFile: 系统找不到指定的路径。 (0x3)
[1028/082021.565:ERROR:process_reader_win.cc(151)] SuspendThread: 拒绝访问。 (0x5)
[1028/082021.565:ERROR:process_reader_win.cc(123)] NtOpenThread: {无法访问} 过程已请求访问一对象，但未给访问权限。 (0xc0000022)
[1028/082021.565:ERROR:exception_snapshot_win.cc(99)] thread ID 6256 not found in process
[1029/082428.654:ERROR:process_reader_win.cc(123)] NtOpenThread: {无法访问} 过程已请求访问一对象，但未给访问权限。 (0xc0000022)
[1029/082428.656:ERROR:exception_snapshot_win.cc(99)] thread ID 14692 not found in process
[1029/082428.657:ERROR:process_reader_win.cc(123)] NtOpenThread: {无法访问} 过程已请求访问一对象，但未给访问权限。 (0xc0000022)
[1029/082428.659:ERROR:exception_snapshot_win.cc(99)] thread ID 15096 not found in process
[1029/082428.660:ERROR:process_reader_win.cc(123)] NtOpenThread: {无法访问} 过程已请求访问一对象，但未给访问权限。 (0xc0000022)
[1029/082428.660:ERROR:exception_snapshot_win.cc(99)] thread ID 17132 not found in process
[1029/082428.678:ERROR:process_reader_win.cc(123)] NtOpenThread: {无法访问} 过程已请求访问一对象，但未给访问权限。 (0xc0000022)
[1029/082428.678:ERROR:process_reader_win.cc(123)] NtOpenThread: {无法访问} 过程已请求访问一对象，但未给访问权限。 (0xc0000022)
[1029/082428.678:ERROR:exception_snapshot_win.cc(99)] thread ID 17344 not found in process
[1029/082428.678:ERROR:exception_snapshot_win.cc(99)] thread ID 17392 not found in process
[1029/083608.520:ERROR:process_reader_win.cc(123)] NtOpenThread: {无法访问} 过程已请求访问一对象，但未给访问权限。 (0xc0000022)
[1029/083608.521:ERROR:exception_snapshot_win.cc(99)] thread ID 3896 not found in process
[1029/083608.524:ERROR:process_reader_win.cc(123)] NtOpenThread: {无法访问} 过程已请求访问一对象，但未给访问权限。 (0xc0000022)
[1029/083608.524:ERROR:exception_snapshot_win.cc(99)] thread ID 17488 not found in process
[1029/083608.536:ERROR:process_reader_win.cc(123)] NtOpenThread: {无法访问} 过程已请求访问一对象，但未给访问权限。 (0xc0000022)
[1029/083608.536:ERROR:exception_snapshot_win.cc(99)] thread ID 15828 not found in process
[1104/073814.119:ERROR:directory_reader_win.cc(43)] FindFirstFile: 系统找不到指定的路径。 (0x3)
[1104/081016.805:ERROR:directory_reader_win.cc(43)] FindFirstFile: 系统找不到指定的路径。 (0x3)
[1104/082642.947:ERROR:process_reader_win.cc(123)] NtOpenThread: {无法访问} 过程已请求访问一对象，但未给访问权限。 (0xc0000022)
[1104/082642.950:ERROR:exception_snapshot_win.cc(99)] thread ID 15244 not found in process
